[debug] [2024-09-18T15:25:36.556Z] ----------------------------------------------------------------------
[debug] [2024-09-18T15:25:36.560Z] Command:       C:\Program Files\nodejs\node.exe C:\Program Files\nodejs\node_modules\firebase-tools\lib\bin\firebase.js init
[debug] [2024-09-18T15:25:36.560Z] CLI Version:   13.17.0
[debug] [2024-09-18T15:25:36.561Z] Platform:      win32
[debug] [2024-09-18T15:25:36.563Z] Node Version:  v18.17.0
[debug] [2024-09-18T15:25:36.564Z] Time:          Wed Sep 18 2024 10:25:36 GMT-0500 (hora estándar de Colombia)
[debug] [2024-09-18T15:25:36.565Z] ----------------------------------------------------------------------
[debug] 
[debug] [2024-09-18T15:25:36.583Z] >>> [apiv2][query] GET https://firebase-public.firebaseio.com/cli.json [none]
[debug] [2024-09-18T15:25:36.656Z] > command requires scopes: ["email","openid","https://www.googleapis.com/auth/cloudplatformprojects.readonly","https://www.googleapis.com/auth/firebase","https://www.googleapis.com/auth/cloud-platform"]
[debug] [2024-09-18T15:25:36.656Z] > authorizing via signed-in user (dyegovallejob@gmail.com)
[info] 
     ######## #### ########  ######## ########     ###     ######  ########
     ##        ##  ##     ## ##       ##     ##  ##   ##  ##       ##
     ######    ##  ########  ######   ########  #########  ######  ######
     ##        ##  ##    ##  ##       ##     ## ##     ##       ## ##
     ##       #### ##     ## ######## ########  ##     ##  ######  ########

You're about to initialize a Firebase project in this directory:

  D:\pokeAPI\backend

[debug] [2024-09-18T15:25:37.002Z] <<< [apiv2][status] GET https://firebase-public.firebaseio.com/cli.json 200
[debug] [2024-09-18T15:25:37.004Z] <<< [apiv2][body] GET https://firebase-public.firebaseio.com/cli.json {"cloudBuildErrorAfter":1594252800000,"cloudBuildWarnAfter":1590019200000,"defaultNode10After":1594252800000,"minVersion":"3.0.5","node8DeploysDisabledAfter":1613390400000,"node8RuntimeDisabledAfter":1615809600000,"node8WarnAfter":1600128000000}
[info] 
=== Project Setup
[info] 
[info] First, let's associate this project directory with a Firebase project.
[info] You can create multiple project aliases by running firebase use --add, 
[info] but for now we'll just set up a default project.
[info] 
[debug] [2024-09-18T15:26:33.494Z] > refreshing access token with scopes: []
[debug] [2024-09-18T15:26:33.515Z] >>> [apiv2][query] POST https://www.googleapis.com/oauth2/v3/token [none]
[debug] [2024-09-18T15:26:33.515Z] >>> [apiv2][body] POST https://www.googleapis.com/oauth2/v3/token [omitted]
[debug] [2024-09-18T15:26:33.786Z] <<< [apiv2][status] POST https://www.googleapis.com/oauth2/v3/token 400
[debug] [2024-09-18T15:26:33.786Z] <<< [apiv2][body] POST https://www.googleapis.com/oauth2/v3/token [omitted]
[debug] [2024-09-18T15:26:33.789Z] >>> [apiv2][query] GET https://firebase.googleapis.com/v1beta1/projects pageSize=100
[debug] [2024-09-18T15:26:34.078Z] <<< [apiv2][status] GET https://firebase.googleapis.com/v1beta1/projects 401
[debug] [2024-09-18T15:26:34.078Z] <<< [apiv2][body] GET https://firebase.googleapis.com/v1beta1/projects [omitted]
[debug] [2024-09-18T15:26:34.079Z] HTTP Error: 401, Request had invalid authentication credentials. Expected OAuth 2 access token, login cookie or other valid authentication credential. See https://developers.google.com/identity/sign-in/web/devconsole-project.
[debug] [2024-09-18T15:26:34.296Z] FirebaseError: HTTP Error: 401, Request had invalid authentication credentials. Expected OAuth 2 access token, login cookie or other valid authentication credential. See https://developers.google.com/identity/sign-in/web/devconsole-project.
    at responseToError (C:\Users\Diego\AppData\Roaming\nvm\v18.17.0\node_modules\firebase-tools\lib\responseToError.js:49:12)
    at RetryOperation._fn (C:\Users\Diego\AppData\Roaming\nvm\v18.17.0\node_modules\firebase-tools\lib\apiv2.js:305:77)
    at process.processTicksAndRejections (node:internal/process/task_queues:95:5)
[error] 
[error] Error: Failed to list Firebase projects. See firebase-debug.log for more info.
[debug] [2024-09-18T15:26:40.426Z] ----------------------------------------------------------------------
[debug] [2024-09-18T15:26:40.429Z] Command:       C:\Program Files\nodejs\node.exe C:\Program Files\nodejs\node_modules\firebase-tools\lib\bin\firebase.js init
[debug] [2024-09-18T15:26:40.430Z] CLI Version:   13.17.0
[debug] [2024-09-18T15:26:40.430Z] Platform:      win32
[debug] [2024-09-18T15:26:40.430Z] Node Version:  v18.17.0
[debug] [2024-09-18T15:26:40.432Z] Time:          Wed Sep 18 2024 10:26:40 GMT-0500 (hora estándar de Colombia)
[debug] [2024-09-18T15:26:40.432Z] ----------------------------------------------------------------------
[debug] 
[debug] [2024-09-18T15:26:40.441Z] > command requires scopes: ["email","openid","https://www.googleapis.com/auth/cloudplatformprojects.readonly","https://www.googleapis.com/auth/firebase","https://www.googleapis.com/auth/cloud-platform"]
[debug] [2024-09-18T15:26:40.441Z] > authorizing via signed-in user (dyegovallejob@gmail.com)
[info] 
     ######## #### ########  ######## ########     ###     ######  ########
     ##        ##  ##     ## ##       ##     ##  ##   ##  ##       ##
     ######    ##  ########  ######   ########  #########  ######  ######
     ##        ##  ##    ##  ##       ##     ## ##     ##       ## ##
     ##       #### ##     ## ######## ########  ##     ##  ######  ########

You're about to initialize a Firebase project in this directory:

  D:\pokeAPI\backend

[info] 
=== Project Setup
[info] 
[info] First, let's associate this project directory with a Firebase project.
[info] You can create multiple project aliases by running firebase use --add, 
[info] but for now we'll just set up a default project.
[info] 
[debug] [2024-09-18T15:26:55.926Z] > refreshing access token with scopes: []
[debug] [2024-09-18T15:26:55.928Z] >>> [apiv2][query] POST https://www.googleapis.com/oauth2/v3/token [none]
[debug] [2024-09-18T15:26:55.928Z] >>> [apiv2][body] POST https://www.googleapis.com/oauth2/v3/token [omitted]
[debug] [2024-09-18T15:26:56.208Z] <<< [apiv2][status] POST https://www.googleapis.com/oauth2/v3/token 400
[debug] [2024-09-18T15:26:56.208Z] <<< [apiv2][body] POST https://www.googleapis.com/oauth2/v3/token [omitted]
[debug] [2024-09-18T15:26:56.209Z] >>> [apiv2][query] GET https://firebase.googleapis.com/v1beta1/projects pageSize=100
[debug] [2024-09-18T15:26:56.429Z] <<< [apiv2][status] GET https://firebase.googleapis.com/v1beta1/projects 401
[debug] [2024-09-18T15:26:56.429Z] <<< [apiv2][body] GET https://firebase.googleapis.com/v1beta1/projects [omitted]
[debug] [2024-09-18T15:26:56.431Z] HTTP Error: 401, Request had invalid authentication credentials. Expected OAuth 2 access token, login cookie or other valid authentication credential. See https://developers.google.com/identity/sign-in/web/devconsole-project.
[debug] [2024-09-18T15:26:56.635Z] FirebaseError: HTTP Error: 401, Request had invalid authentication credentials. Expected OAuth 2 access token, login cookie or other valid authentication credential. See https://developers.google.com/identity/sign-in/web/devconsole-project.
    at responseToError (C:\Users\Diego\AppData\Roaming\nvm\v18.17.0\node_modules\firebase-tools\lib\responseToError.js:49:12)
    at RetryOperation._fn (C:\Users\Diego\AppData\Roaming\nvm\v18.17.0\node_modules\firebase-tools\lib\apiv2.js:305:77)
    at process.processTicksAndRejections (node:internal/process/task_queues:95:5)
[error] 
[error] Error: Failed to list Firebase projects. See firebase-debug.log for more info.
